<?xml version="1.0" encoding="UTF-8"?>
<!-- Generated by org.testng.reporters.JUnitReportReporter -->
<testsuite hostname="JEEVS3" name="tw.Driver" tests="1" failures="0" timestamp="2 Nov 2016 06:06:42 GMT" time="28.786" errors="0">
  <testcase name="write_a_blog" time="28.786" classname="tw.Driver"/>
</testsuite> <!-- tw.Driver -->
